# JRE version: Java(TM) SE Runtime Environment (8.0_45-b14) (build 1.8.0_45-b14)
# Java VM: Java HotSpot(TM) 64-Bit Server VM (25.45-b02 mixed mode bsd-amd64 compressed oops)
Heap:
 PSYoungGen      total 302592K, used 185451K [0x00000007aab00000, 0x00000007bfb80000, 0x00000007c0000000)
  eden space 259584K, 63% used [0x00000007aab00000,0x00000007b4cb6a90,0x00000007ba880000)
  from space 43008K, 46% used [0x00000007bd100000,0x00000007be464290,0x00000007bfb00000)
  to   space 41472K, 0% used [0x00000007ba880000,0x00000007ba880000,0x00000007bd100000)
 ParOldGen       total 271872K, used 75201K [0x0000000780000000, 0x0000000790980000, 0x00000007aab00000)
  object space 271872K, 27% used [0x0000000780000000,0x0000000784970638,0x0000000790980000)
 Metaspace       used 96633K, capacity 108078K, committed 110848K, reserved 1144832K
  class space    used 11744K, capacity 15033K, committed 15616K, reserved 1048576K
GC Heap History (10 events):
Event: 14862.902 GC heap before
{Heap before GC invocations=71 (full 19):
 PSYoungGen      total 229888K, used 229420K [0x00000007aab00000, 0x00000007bd980000, 0x00000007c0000000)
  eden space 206848K, 100% used [0x00000007aab00000,0x00000007b7500000,0x00000007b7500000)
  from space 23040K, 97% used [0x00000007b7500000,0x00000007b8b0b050,0x00000007b8b80000)
  to   space 50688K, 0% used [0x00000007ba800000,0x00000007ba800000,0x00000007bd980000)
 ParOldGen       total 271872K, used 75169K [0x0000000780000000, 0x0000000790980000, 0x00000007aab00000)
  object space 271872K, 27% used [0x0000000780000000,0x0000000784968638,0x0000000790980000)
 Metaspace       used 95156K, capacity 106114K, committed 109568K, reserved 1142784K
  class space    used 11556K, capacity 14696K, committed 15616K, reserved 1048576K
Event: 14862.921 GC heap after
Heap after GC invocations=71 (full 19):
 PSYoungGen      total 261120K, used 20629K [0x00000007aab00000, 0x00000007bda00000, 0x00000007c0000000)
  eden space 210432K, 0% used [0x00000007aab00000,0x00000007aab00000,0x00000007b7880000)
  from space 50688K, 40% used [0x00000007ba800000,0x00000007bbc25798,0x00000007bd980000)
  to   space 48640K, 0% used [0x00000007b7880000,0x00000007b7880000,0x00000007ba800000)
 ParOldGen       total 271872K, used 75177K [0x0000000780000000, 0x0000000790980000, 0x00000007aab00000)
  object space 271872K, 27% used [0x0000000780000000,0x000000078496a638,0x0000000790980000)
 Metaspace       used 95156K, capacity 106114K, committed 109568K, reserved 1142784K
  class space    used 11556K, capacity 14696K, committed 15616K, reserved 1048576K
}
Event: 14862.946 GC heap before
{Heap before GC invocations=72 (full 19):
 PSYoungGen      total 261120K, used 231061K [0x00000007aab00000, 0x00000007bda00000, 0x00000007c0000000)
  eden space 210432K, 100% used [0x00000007aab00000,0x00000007b7880000,0x00000007b7880000)
  from space 50688K, 40% used [0x00000007ba800000,0x00000007bbc25798,0x00000007bd980000)
  to   space 48640K, 0% used [0x00000007b7880000,0x00000007b7880000,0x00000007ba800000)
 ParOldGen       total 271872K, used 75177K [0x0000000780000000, 0x0000000790980000, 0x00000007aab00000)
  object space 271872K, 27% used [0x0000000780000000,0x000000078496a638,0x0000000790980000)
 Metaspace       used 95156K, capacity 106114K, committed 109568K, reserved 1142784K
  class space    used 11556K, capacity 14696K, committed 15616K, reserved 1048576K
Event: 14862.962 GC heap after
Heap after GC invocations=72 (full 19):
 PSYoungGen      total 259072K, used 19984K [0x00000007aab00000, 0x00000007bfa00000, 0x00000007c0000000)
  eden space 210432K, 0% used [0x00000007aab00000,0x00000007aab00000,0x00000007b7880000)
  from space 48640K, 41% used [0x00000007b7880000,0x00000007b8c043f8,0x00000007ba800000)
  to   space 46592K, 0% used [0x00000007bcc80000,0x00000007bcc80000,0x00000007bfa00000)
 ParOldGen       total 271872K, used 75185K [0x0000000780000000, 0x0000000790980000, 0x00000007aab00000)
  object space 271872K, 27% used [0x0000000780000000,0x000000078496c638,0x0000000790980000)
 Metaspace       used 95156K, capacity 106114K, committed 109568K, reserved 1142784K
  class space    used 11556K, capacity 14696K, committed 15616K, reserved 1048576K
}
Event: 14862.987 GC heap before
{Heap before GC invocations=73 (full 19):
 PSYoungGen      total 259072K, used 230416K [0x00000007aab00000, 0x00000007bfa00000, 0x00000007c0000000)
  eden space 210432K, 100% used [0x00000007aab00000,0x00000007b7880000,0x00000007b7880000)
  from space 48640K, 41% used [0x00000007b7880000,0x00000007b8c043f8,0x00000007ba800000)
  to   space 46592K, 0% used [0x00000007bcc80000,0x00000007bcc80000,0x00000007bfa00000)
 ParOldGen       total 271872K, used 75185K [0x0000000780000000, 0x0000000790980000, 0x00000007aab00000)
  object space 271872K, 27% used [0x0000000780000000,0x000000078496c638,0x0000000790980000)
 Metaspace       used 95156K, capacity 106114K, committed 109568K, reserved 1142784K
  class space    used 11556K, capacity 14696K, committed 15616K, reserved 1048576K
Event: 14863.004 GC heap after
Heap after GC invocations=73 (full 19):
 PSYoungGen      total 298496K, used 19904K [0x00000007aab00000, 0x00000007bfa00000, 0x00000007c0000000)
  eden space 251904K, 0% used [0x00000007aab00000,0x00000007aab00000,0x00000007ba100000)
  from space 46592K, 42% used [0x00000007bcc80000,0x00000007bdff0098,0x00000007bfa00000)
  to   space 44544K, 0% used [0x00000007ba100000,0x00000007ba100000,0x00000007bcc80000)
 ParOldGen       total 271872K, used 75193K [0x0000000780000000, 0x0000000790980000, 0x00000007aab00000)
  object space 271872K, 27% used [0x0000000780000000,0x000000078496e638,0x0000000790980000)
 Metaspace       used 95156K, capacity 106114K, committed 109568K, reserved 1142784K
  class space    used 11556K, capacity 14696K, committed 15616K, reserved 1048576K
}
Event: 14863.043 GC heap before
{Heap before GC invocations=74 (full 19):
 PSYoungGen      total 298496K, used 271808K [0x00000007aab00000, 0x00000007bfa00000, 0x00000007c0000000)
  eden space 251904K, 100% used [0x00000007aab00000,0x00000007ba100000,0x00000007ba100000)
  from space 46592K, 42% used [0x00000007bcc80000,0x00000007bdff0098,0x00000007bfa00000)
  to   space 44544K, 0% used [0x00000007ba100000,0x00000007ba100000,0x00000007bcc80000)
 ParOldGen       total 271872K, used 75193K [0x0000000780000000, 0x0000000790980000, 0x00000007aab00000)
  object space 271872K, 27% used [0x0000000780000000,0x000000078496e638,0x0000000790980000)
 Metaspace       used 95161K, capacity 106114K, committed 109568K, reserved 1142784K
  class space    used 11556K, capacity 14696K, committed 15616K, reserved 1048576K
Event: 14863.058 GC heap after
Heap after GC invocations=74 (full 19):
 PSYoungGen      total 296448K, used 19908K [0x00000007aab00000, 0x00000007bfb00000, 0x00000007c0000000)
  eden space 251904K, 0% used [0x00000007aab00000,0x00000007aab00000,0x00000007ba100000)
  from space 44544K, 44% used [0x00000007ba100000,0x00000007bb4712e0,0x00000007bcc80000)
  to   space 43008K, 0% used [0x00000007bd100000,0x00000007bd100000,0x00000007bfb00000)
 ParOldGen       total 271872K, used 75193K [0x0000000780000000, 0x0000000790980000, 0x00000007aab00000)
  object space 271872K, 27% used [0x0000000780000000,0x000000078496e638,0x0000000790980000)
 Metaspace       used 95161K, capacity 106114K, committed 109568K, reserved 1142784K
  class space    used 11556K, capacity 14696K, committed 15616K, reserved 1048576K
}
Event: 14863.088 GC heap before
{Heap before GC invocations=75 (full 19):
 PSYoungGen      total 296448K, used 271812K [0x00000007aab00000, 0x00000007bfb00000, 0x00000007c0000000)
  eden space 251904K, 100% used [0x00000007aab00000,0x00000007ba100000,0x00000007ba100000)
  from space 44544K, 44% used [0x00000007ba100000,0x00000007bb4712e0,0x00000007bcc80000)
  to   space 43008K, 0% used [0x00000007bd100000,0x00000007bd100000,0x00000007bfb00000)
 ParOldGen       total 271872K, used 75193K [0x0000000780000000, 0x0000000790980000, 0x00000007aab00000)
  object space 271872K, 27% used [0x0000000780000000,0x000000078496e638,0x0000000790980000)
 Metaspace       used 95162K, capacity 106114K, committed 109568K, reserved 1142784K
  class space    used 11556K, capacity 14696K, committed 15616K, reserved 1048576K
Event: 14863.104 GC heap after
Heap after GC invocations=75 (full 19):
 PSYoungGen      total 302592K, used 19856K [0x00000007aab00000, 0x00000007bfb80000, 0x00000007c0000000)
  eden space 259584K, 0% used [0x00000007aab00000,0x00000007aab00000,0x00000007ba880000)
  from space 43008K, 46% used [0x00000007bd100000,0x00000007be464290,0x00000007bfb00000)
  to   space 41472K, 0% used [0x00000007ba880000,0x00000007ba880000,0x00000007bd100000)
 ParOldGen       total 271872K, used 75201K [0x0000000780000000, 0x0000000790980000, 0x00000007aab00000)
  object space 271872K, 27% used [0x0000000780000000,0x0000000784970638,0x0000000790980000)
 Metaspace       used 95162K, capacity 106114K, committed 109568K, reserved 1142784K
  class space    used 11556K, capacity 14696K, committed 15616K, reserved 1048576K
}

